current directory: /Users/everettbrandeau/code/fantasy_bake_off/vendpr/bundle/ruby/3.4.0/gems/psych-5.2.6/ext/psych
/Users/everettbrandeau/.rbenv/versions/3.4.6/bin/ruby extconf.rb
checking for pkg-config for yaml-0.1... ["-I/opt/homebrew/Cellar/libyaml/0.2.5/include ", "-L/opt/homebrew/Cellar/libyaml/0.2.5/lib", "-lyaml"]
checking for yaml.h... yes
checking for yaml_get_version() in -lyaml... yes
creating Makefile

current directory: /Users/everettbrandeau/code/fantasy_bake_off/vendpr/bundle/ruby/3.4.0/gems/psych-5.2.6/ext/psych
make DESTDIR\= sitearchdir\=./.gem.20250922-20748-tlxlfj sitelibdir\=./.gem.20250922-20748-tlxlfj clean
cd libyaml && /Applications/Xcode.app/Contents/Developer/usr/bin/make clean
/bin/sh: line 0: cd: libyaml: No such file or directory
make: [clean-so] Error 1 (ignored)

current directory: /Users/everettbrandeau/code/fantasy_bake_off/vendpr/bundle/ruby/3.4.0/gems/psych-5.2.6/ext/psych
make DESTDIR\= sitearchdir\=./.gem.20250922-20748-tlxlfj sitelibdir\=./.gem.20250922-20748-tlxlfj
compiling psych.c
compiling psych_emitter.c
compiling psych_parser.c
compiling psych_to_ruby.c
compiling psych_yaml_tree.c
linking shared-object psych.bundle
ld: warning: ignoring duplicate libraries: '-lyaml'

current directory: /Users/everettbrandeau/code/fantasy_bake_off/vendpr/bundle/ruby/3.4.0/gems/psych-5.2.6/ext/psych
make DESTDIR\= sitearchdir\=./.gem.20250922-20748-tlxlfj sitelibdir\=./.gem.20250922-20748-tlxlfj install
/usr/bin/install -c -m 0755 psych.bundle ./.gem.20250922-20748-tlxlfj

current directory: /Users/everettbrandeau/code/fantasy_bake_off/vendpr/bundle/ruby/3.4.0/gems/psych-5.2.6/ext/psych
make DESTDIR\= sitearchdir\=./.gem.20250922-20748-tlxlfj sitelibdir\=./.gem.20250922-20748-tlxlfj clean
cd libyaml && /Applications/Xcode.app/Contents/Developer/usr/bin/make clean
/bin/sh: line 0: cd: libyaml: No such file or directory
make: [clean-so] Error 1 (ignored)
